3.0383 	WARNING 	We strongly recommend you activate the PTB sound engine in PsychoPy prefs as the preferred audio engine. Its timing is vastly superior. Your prefs are currently set to use ['sounddevice', 'PTB', 'pyo', 'pygame'] (in that order).
16.8564 	WARNING 	User requested fullscreen with size [1024  768], but screen is actually [1920, 1080]. Using actual size
21.4353 	EXP 	Created window1 = Window(allowGUI=True, allowStencil=False, autoLog=True, backendConf=UNKNOWN, bitsMode=UNKNOWN, blendMode='avg', bpc=(8, 8, 8), color=array([0, 0, 0]), colorSpace='rgb', depthBits=8, fullscr=<method-wrapper '__getattribute__' of attributeSetter object at 0x000001D0711BBF70>, gamma=None, gammaErrorPolicy='raise', lms=UNKNOWN, monitor=<psychopy.monitors.calibTools.Monitor object at 0x000001D07210BBE0>, multiSample=False, name='window1', numSamples=2, pos=(0, 0), screen=0, size=array([1920, 1080]), stencilBits=0, stereo=False, units='height', useFBO=True, useRetina=False, viewOri=0.0, viewPos=None, viewScale=None, waitBlanking=True, winType='pyglet')
21.4371 	EXP 	window1: mouseVisible = True
21.4388 	EXP 	window1: mouseVisible = False
21.4389 	EXP 	window1: Attempting to measure frame rate of screen (0) ...
21.4390 	EXP 	window1: recordFrameIntervals = False
21.5856 	EXP 	window1: recordFrameIntervals = True
21.7696 	EXP 	Screen (0) actual frame rate measured at 60.02Hz
21.7697 	EXP 	window1: recordFrameIntervals = False
25.7229 	EXP 	Created fixation = ShapeStim(__class__=<class 'psychopy.visual.shape.ShapeStim'>, anchor=('center', 'center'), autoDraw=False, autoLog=True, closeShape=True, color=method-wrapper(...), colorSpace='rgb', contrast=None, depth=-1.0, fillColor=array([1, 1, 1]), fillColorSpace='rgb', fillRGB=array([1, 1, 1]), interpolate=True, lineColor=array([1, 1, 1]), lineColorSpace='rgb', lineRGB=array([1, 1, 1]), lineWidth=1.0, name='fixation', opacity=1.0, ori=0.0, pos=array([0., 0.]), size=array([10., 10.]), units='pix', vertices=ndarray(...), win=Window(...), windingRule=None)
25.7711 	EXP 	Created grating = GratingStim(__class__=<class 'psychopy.visual.grating.GratingStim'>, anchor='center', autoDraw=False, autoLog=True, blendmode='avg', color=array([1, 1, 1]), colorSpace='rgb', contrast=1.0, depth=-2.0, interpolate=True, mask='circle', maskParams=None, name='grating', opacity=1.0, ori=0.0, phase=array([0., 0.]), pos=array([0., 0.]), rgbPedestal=array([0., 0., 0.]), sf=array([5., 5.]), size=array([0.1, 0.1]), tex='sin', texRes=128.0, units='height', win=Window(...))
26.3566 	EXP 	Imported conditions.xlsx as conditions, 1 conditions, 5 params
26.9525 	EXP 	window1: recordFrameIntervals = False
26.9849 	EXP 	fixation: autoDraw = True
26.9852 	EXP 	window1: recordFrameIntervals = False
28.0026 	EXP 	grating: autoDraw = True
28.0026 	EXP 	grating: tex = 'sin'
28.0087 	EXP 	fixation: autoDraw = False
28.3169 	EXP 	grating: autoDraw = False
28.5388 	EXP 	window1: recordFrameIntervals = False
28.5441 	DATA 	Keypress: right
28.5506 	EXP 	fixation: autoDraw = False
28.5506 	EXP 	grating: autoDraw = False
28.5510 	EXP 	window1: recordFrameIntervals = False
29.5302 	EXP 	fixation: autoDraw = True
30.5333 	EXP 	fixation: autoDraw = False
30.5502 	EXP 	grating: autoDraw = True
30.5502 	EXP 	grating: tex = 'sin'
30.8497 	EXP 	grating: autoDraw = False
31.1025 	EXP 	window1: recordFrameIntervals = False
31.1040 	DATA 	Keypress: right
31.1166 	EXP 	fixation: autoDraw = False
31.1166 	EXP 	grating: autoDraw = False
31.1169 	EXP 	window1: recordFrameIntervals = False
32.0942 	EXP 	fixation: autoDraw = True
33.0992 	EXP 	fixation: autoDraw = False
33.1160 	EXP 	grating: autoDraw = True
33.1160 	EXP 	grating: tex = 'sin'
33.4157 	EXP 	grating: autoDraw = False
33.5861 	EXP 	window1: recordFrameIntervals = False
33.5881 	DATA 	Keypress: left
33.5990 	EXP 	fixation: autoDraw = False
33.5990 	EXP 	grating: autoDraw = False
33.5994 	EXP 	window1: recordFrameIntervals = False
34.5782 	EXP 	fixation: autoDraw = True
35.5821 	EXP 	fixation: autoDraw = False
35.5989 	EXP 	grating: autoDraw = True
35.5989 	EXP 	grating: tex = 'sin'
35.8987 	EXP 	grating: autoDraw = False
35.9695 	DATA 	Keypress: left
35.9865 	EXP 	window1: recordFrameIntervals = False
35.9987 	EXP 	fixation: autoDraw = False
35.9987 	EXP 	grating: autoDraw = False
35.9993 	EXP 	window1: recordFrameIntervals = False
36.9785 	EXP 	fixation: autoDraw = True
37.9815 	EXP 	fixation: autoDraw = False
37.9983 	EXP 	grating: autoDraw = True
37.9983 	EXP 	grating: tex = 'sin'
38.2979 	EXP 	grating: autoDraw = False
38.3844 	EXP 	window1: recordFrameIntervals = False
38.3863 	DATA 	Keypress: left
38.3981 	EXP 	fixation: autoDraw = False
38.3981 	EXP 	grating: autoDraw = False
38.3984 	EXP 	window1: recordFrameIntervals = False
39.3758 	EXP 	fixation: autoDraw = True
40.3809 	EXP 	fixation: autoDraw = False
40.3977 	EXP 	grating: autoDraw = True
40.3977 	EXP 	grating: tex = 'sin'
40.6975 	EXP 	grating: autoDraw = False
40.7518 	EXP 	window1: recordFrameIntervals = False
40.7539 	DATA 	Keypress: right
40.7642 	EXP 	fixation: autoDraw = False
40.7642 	EXP 	grating: autoDraw = False
40.7645 	EXP 	window1: recordFrameIntervals = False
41.7445 	EXP 	fixation: autoDraw = True
42.7469 	EXP 	fixation: autoDraw = False
42.7635 	EXP 	grating: autoDraw = True
42.7635 	EXP 	grating: tex = 'sin'
43.0328 	DATA 	Keypress: left
43.0501 	EXP 	window1: recordFrameIntervals = False
43.0635 	EXP 	grating: autoDraw = False
43.0635 	EXP 	fixation: autoDraw = False
43.0635 	EXP 	grating: autoDraw = False
43.0639 	EXP 	window1: recordFrameIntervals = False
44.0422 	EXP 	fixation: autoDraw = True
45.0465 	EXP 	fixation: autoDraw = False
45.0633 	EXP 	grating: autoDraw = True
45.0633 	EXP 	grating: tex = 'sin'
45.3630 	EXP 	grating: autoDraw = False
45.3838 	EXP 	window1: recordFrameIntervals = False
45.3855 	DATA 	Keypress: left
45.3963 	EXP 	fixation: autoDraw = False
45.3963 	EXP 	grating: autoDraw = False
45.3966 	EXP 	window1: recordFrameIntervals = False
46.3751 	EXP 	fixation: autoDraw = True
47.3793 	EXP 	fixation: autoDraw = False
47.3963 	EXP 	grating: autoDraw = True
47.3963 	EXP 	grating: tex = 'sin'
47.6958 	EXP 	grating: autoDraw = False
47.7335 	EXP 	window1: recordFrameIntervals = False
47.7360 	DATA 	Keypress: left
47.7458 	EXP 	fixation: autoDraw = False
47.7458 	EXP 	grating: autoDraw = False
47.7462 	EXP 	window1: recordFrameIntervals = False
48.7244 	EXP 	fixation: autoDraw = True
49.7286 	EXP 	fixation: autoDraw = False
49.7454 	EXP 	grating: autoDraw = True
49.7454 	EXP 	grating: tex = 'sin'
50.0137 	EXP 	window1: recordFrameIntervals = False
50.0149 	DATA 	Keypress: left
50.0284 	EXP 	fixation: autoDraw = False
50.0284 	EXP 	grating: autoDraw = False
50.0286 	EXP 	window1: recordFrameIntervals = False
51.0062 	EXP 	fixation: autoDraw = True
52.0113 	EXP 	fixation: autoDraw = False
52.0280 	EXP 	grating: autoDraw = True
52.0280 	EXP 	grating: tex = 'sin'
52.3279 	EXP 	grating: autoDraw = False
52.3464 	EXP 	window1: recordFrameIntervals = False
52.3473 	DATA 	Keypress: right
52.3610 	EXP 	fixation: autoDraw = False
52.3610 	EXP 	grating: autoDraw = False
52.3612 	EXP 	window1: recordFrameIntervals = False
53.3382 	EXP 	fixation: autoDraw = True
54.3441 	EXP 	fixation: autoDraw = False
54.3609 	EXP 	grating: autoDraw = True
54.3609 	EXP 	grating: tex = 'sin'
54.6154 	DATA 	Keypress: left
54.6310 	EXP 	window1: recordFrameIntervals = False
54.6440 	EXP 	fixation: autoDraw = False
54.6440 	EXP 	grating: autoDraw = False
54.6444 	EXP 	window1: recordFrameIntervals = False
55.6209 	EXP 	fixation: autoDraw = True
56.6269 	EXP 	fixation: autoDraw = False
56.6439 	EXP 	grating: autoDraw = True
56.6439 	EXP 	grating: tex = 'sin'
56.9435 	EXP 	grating: autoDraw = False
56.9472 	EXP 	window1: recordFrameIntervals = False
56.9490 	DATA 	Keypress: right
56.9605 	EXP 	fixation: autoDraw = False
56.9605 	EXP 	grating: autoDraw = False
56.9609 	EXP 	window1: recordFrameIntervals = False
57.9384 	EXP 	fixation: autoDraw = True
58.9432 	EXP 	fixation: autoDraw = False
58.9601 	EXP 	grating: autoDraw = True
58.9601 	EXP 	grating: tex = 'sin'
59.2130 	EXP 	window1: recordFrameIntervals = False
59.2150 	DATA 	Keypress: left
59.2262 	EXP 	fixation: autoDraw = False
59.2262 	EXP 	grating: autoDraw = False
59.2265 	EXP 	window1: recordFrameIntervals = False
60.2047 	EXP 	fixation: autoDraw = True
61.2092 	EXP 	fixation: autoDraw = False
61.2259 	EXP 	grating: autoDraw = True
61.2259 	EXP 	grating: tex = 'sin'
61.5128 	EXP 	window1: recordFrameIntervals = False
61.5144 	DATA 	Keypress: left
61.5258 	EXP 	grating: autoDraw = False
61.5258 	EXP 	fixation: autoDraw = False
61.5258 	EXP 	grating: autoDraw = False
61.5261 	EXP 	window1: recordFrameIntervals = False
62.5052 	EXP 	fixation: autoDraw = True
63.5087 	EXP 	fixation: autoDraw = False
63.5256 	EXP 	grating: autoDraw = True
63.5256 	EXP 	grating: tex = 'sin'
63.8253 	EXP 	grating: autoDraw = False
63.8293 	EXP 	window1: recordFrameIntervals = False
63.8314 	DATA 	Keypress: left
63.8419 	EXP 	fixation: autoDraw = False
63.8419 	EXP 	grating: autoDraw = False
63.8422 	EXP 	window1: recordFrameIntervals = False
64.8202 	EXP 	fixation: autoDraw = True
65.8247 	EXP 	fixation: autoDraw = False
65.8416 	EXP 	grating: autoDraw = True
65.8416 	EXP 	grating: tex = 'sin'
66.1113 	EXP 	window1: recordFrameIntervals = False
66.1134 	DATA 	Keypress: right
66.1246 	EXP 	fixation: autoDraw = False
66.1246 	EXP 	grating: autoDraw = False
66.1249 	EXP 	window1: recordFrameIntervals = False
67.1022 	EXP 	fixation: autoDraw = True
68.1077 	EXP 	fixation: autoDraw = False
68.1245 	EXP 	grating: autoDraw = True
68.1245 	EXP 	grating: tex = 'sin'
68.3789 	EXP 	window1: recordFrameIntervals = False
68.3814 	DATA 	Keypress: left
68.3912 	EXP 	fixation: autoDraw = False
68.3912 	EXP 	grating: autoDraw = False
68.3918 	EXP 	window1: recordFrameIntervals = False
69.3716 	EXP 	fixation: autoDraw = True
70.3738 	EXP 	fixation: autoDraw = False
70.3907 	EXP 	grating: autoDraw = True
70.3907 	EXP 	grating: tex = 'sin'
70.6464 	EXP 	window1: recordFrameIntervals = False
70.6487 	DATA 	Keypress: left
70.6572 	EXP 	fixation: autoDraw = False
70.6572 	EXP 	grating: autoDraw = False
70.6577 	EXP 	window1: recordFrameIntervals = False
71.6366 	EXP 	fixation: autoDraw = True
72.6397 	EXP 	fixation: autoDraw = False
72.6567 	EXP 	grating: autoDraw = True
72.6567 	EXP 	grating: tex = 'sin'
72.9565 	EXP 	grating: autoDraw = False
73.0123 	EXP 	window1: recordFrameIntervals = False
73.0159 	DATA 	Keypress: right
73.0232 	EXP 	fixation: autoDraw = False
73.0232 	EXP 	grating: autoDraw = False
73.0236 	EXP 	window1: recordFrameIntervals = False
74.0017 	EXP 	fixation: autoDraw = True
75.0061 	EXP 	fixation: autoDraw = False
75.0229 	EXP 	grating: autoDraw = True
75.0229 	EXP 	grating: tex = 'sin'
75.3085 	EXP 	window1: recordFrameIntervals = False
75.3101 	DATA 	Keypress: right
75.3224 	EXP 	grating: autoDraw = False
75.3224 	EXP 	fixation: autoDraw = False
75.3224 	EXP 	grating: autoDraw = False
75.3226 	EXP 	window1: recordFrameIntervals = False
76.2997 	EXP 	fixation: autoDraw = True
77.3054 	EXP 	fixation: autoDraw = False
77.3225 	EXP 	grating: autoDraw = True
77.3225 	EXP 	grating: tex = 'sin'
77.6219 	EXP 	grating: autoDraw = False
77.6417 	EXP 	window1: recordFrameIntervals = False
77.6438 	DATA 	Keypress: left
77.6444 	DATA 	Keypress: right
77.6553 	EXP 	fixation: autoDraw = False
77.6553 	EXP 	grating: autoDraw = False
77.6556 	EXP 	window1: recordFrameIntervals = False
78.6329 	EXP 	fixation: autoDraw = True
79.6394 	EXP 	fixation: autoDraw = False
79.6551 	EXP 	grating: autoDraw = True
79.6551 	EXP 	grating: tex = 'sin'
79.9472 	EXP 	window1: recordFrameIntervals = False
79.9514 	DATA 	Keypress: right
79.9550 	EXP 	grating: autoDraw = False
79.9550 	EXP 	fixation: autoDraw = False
79.9550 	EXP 	grating: autoDraw = False
79.9556 	EXP 	window1: recordFrameIntervals = False
80.9373 	EXP 	fixation: autoDraw = True
81.9377 	EXP 	fixation: autoDraw = False
81.9545 	EXP 	grating: autoDraw = True
81.9545 	EXP 	grating: tex = 'sin'
82.2226 	EXP 	window1: recordFrameIntervals = False
82.2234 	DATA 	Keypress: left
82.2378 	EXP 	fixation: autoDraw = False
82.2378 	EXP 	grating: autoDraw = False
82.2381 	EXP 	window1: recordFrameIntervals = False
83.2147 	EXP 	fixation: autoDraw = True
84.2203 	EXP 	fixation: autoDraw = False
84.2370 	EXP 	grating: autoDraw = True
84.2370 	EXP 	grating: tex = 'sin'
84.5367 	EXP 	grating: autoDraw = False
84.5396 	EXP 	window1: recordFrameIntervals = False
84.5410 	DATA 	Keypress: left
84.5536 	EXP 	fixation: autoDraw = False
84.5536 	EXP 	grating: autoDraw = False
84.5537 	EXP 	window1: recordFrameIntervals = False
85.5326 	EXP 	fixation: autoDraw = True
86.5366 	EXP 	fixation: autoDraw = False
86.5537 	EXP 	grating: autoDraw = True
86.5537 	EXP 	grating: tex = 'sin'
86.8264 	EXP 	window1: recordFrameIntervals = False
86.8306 	DATA 	Keypress: right
86.8365 	EXP 	fixation: autoDraw = False
86.8365 	EXP 	grating: autoDraw = False
86.8370 	EXP 	window1: recordFrameIntervals = False
87.8176 	EXP 	fixation: autoDraw = True
88.8194 	EXP 	fixation: autoDraw = False
88.8363 	EXP 	grating: autoDraw = True
88.8363 	EXP 	grating: tex = 'sin'
89.1358 	EXP 	grating: autoDraw = False
89.2065 	EXP 	window1: recordFrameIntervals = False
89.2082 	DATA 	Keypress: right
89.2193 	EXP 	fixation: autoDraw = False
89.2193 	EXP 	grating: autoDraw = False
89.2196 	EXP 	window1: recordFrameIntervals = False
90.1984 	EXP 	fixation: autoDraw = True
91.2020 	EXP 	fixation: autoDraw = False
91.2188 	EXP 	grating: autoDraw = True
91.2188 	EXP 	grating: tex = 'sin'
91.4552 	EXP 	window1: recordFrameIntervals = False
91.4569 	DATA 	Keypress: right
91.4686 	EXP 	fixation: autoDraw = False
91.4686 	EXP 	grating: autoDraw = False
91.4687 	EXP 	window1: recordFrameIntervals = False
92.4466 	EXP 	fixation: autoDraw = True
93.4516 	EXP 	fixation: autoDraw = False
93.4684 	EXP 	grating: autoDraw = True
93.4684 	EXP 	grating: tex = 'sin'
93.6393 	EXP 	window1: recordFrameIntervals = False
93.6417 	DATA 	Keypress: right
93.6516 	EXP 	fixation: autoDraw = False
93.6516 	EXP 	grating: autoDraw = False
93.6520 	EXP 	window1: recordFrameIntervals = False
94.6293 	EXP 	fixation: autoDraw = True
95.6343 	EXP 	fixation: autoDraw = False
95.6512 	EXP 	grating: autoDraw = True
95.6512 	EXP 	grating: tex = 'sin'
95.9383 	DATA 	Keypress: right
95.9509 	EXP 	grating: autoDraw = False
95.9531 	EXP 	window1: recordFrameIntervals = False
95.9674 	EXP 	fixation: autoDraw = False
95.9674 	EXP 	grating: autoDraw = False
95.9677 	EXP 	window1: recordFrameIntervals = False
96.9446 	EXP 	fixation: autoDraw = True
97.9505 	EXP 	fixation: autoDraw = False
97.9675 	EXP 	grating: autoDraw = True
97.9675 	EXP 	grating: tex = 'sin'
98.2206 	EXP 	window1: recordFrameIntervals = False
98.2224 	DATA 	Keypress: left
98.2337 	EXP 	fixation: autoDraw = False
98.2337 	EXP 	grating: autoDraw = False
98.2341 	EXP 	window1: recordFrameIntervals = False
99.0049 	DATA 	Keypress: right
99.2120 	EXP 	fixation: autoDraw = True
100.2166 	EXP 	fixation: autoDraw = False
100.2338 	EXP 	grating: autoDraw = True
100.2338 	EXP 	grating: tex = 'sin'
100.5332 	EXP 	grating: autoDraw = False
100.5374 	EXP 	window1: recordFrameIntervals = False
100.5394 	DATA 	Keypress: right
100.5499 	EXP 	fixation: autoDraw = False
100.5499 	EXP 	grating: autoDraw = False
100.5502 	EXP 	window1: recordFrameIntervals = False
101.5296 	EXP 	fixation: autoDraw = True
102.5328 	EXP 	fixation: autoDraw = False
102.5498 	EXP 	grating: autoDraw = True
102.5498 	EXP 	grating: tex = 'sin'
102.8025 	EXP 	window1: recordFrameIntervals = False
102.8042 	DATA 	Keypress: left
102.8160 	EXP 	fixation: autoDraw = False
102.8160 	EXP 	grating: autoDraw = False
102.8164 	EXP 	window1: recordFrameIntervals = False
103.7957 	EXP 	fixation: autoDraw = True
104.7988 	EXP 	fixation: autoDraw = False
104.8156 	EXP 	grating: autoDraw = True
104.8156 	EXP 	grating: tex = 'sin'
105.1024 	EXP 	window1: recordFrameIntervals = False
105.1042 	DATA 	Keypress: right
105.1153 	EXP 	grating: autoDraw = False
105.1153 	EXP 	fixation: autoDraw = False
105.1153 	EXP 	grating: autoDraw = False
105.1157 	EXP 	window1: recordFrameIntervals = False
106.0935 	EXP 	fixation: autoDraw = True
107.0983 	EXP 	fixation: autoDraw = False
107.1152 	EXP 	grating: autoDraw = True
107.1152 	EXP 	grating: tex = 'sin'
107.4147 	EXP 	grating: autoDraw = False
107.5183 	EXP 	window1: recordFrameIntervals = False
107.5201 	DATA 	Keypress: left
107.5314 	EXP 	fixation: autoDraw = False
107.5314 	EXP 	grating: autoDraw = False
107.5318 	EXP 	window1: recordFrameIntervals = False
108.5099 	EXP 	fixation: autoDraw = True
109.5144 	EXP 	fixation: autoDraw = False
109.5311 	EXP 	grating: autoDraw = True
109.5311 	EXP 	grating: tex = 'sin'
109.8202 	DATA 	Keypress: left
109.8312 	EXP 	grating: autoDraw = False
109.8362 	EXP 	window1: recordFrameIntervals = False
109.8478 	EXP 	fixation: autoDraw = False
109.8478 	EXP 	grating: autoDraw = False
109.8484 	EXP 	window1: recordFrameIntervals = False
110.8273 	EXP 	fixation: autoDraw = True
111.8304 	EXP 	fixation: autoDraw = False
111.8475 	EXP 	grating: autoDraw = True
111.8475 	EXP 	grating: tex = 'sin'
112.1471 	EXP 	grating: autoDraw = False
112.1512 	EXP 	window1: recordFrameIntervals = False
112.1534 	DATA 	Keypress: right
112.1636 	EXP 	fixation: autoDraw = False
112.1636 	EXP 	grating: autoDraw = False
112.1641 	EXP 	window1: recordFrameIntervals = False
113.1426 	EXP 	fixation: autoDraw = True
114.1467 	EXP 	fixation: autoDraw = False
114.1639 	EXP 	grating: autoDraw = True
114.1639 	EXP 	grating: tex = 'sin'
114.4343 	EXP 	window1: recordFrameIntervals = False
114.4365 	DATA 	Keypress: left
114.4467 	EXP 	fixation: autoDraw = False
114.4467 	EXP 	grating: autoDraw = False
114.4472 	EXP 	window1: recordFrameIntervals = False
115.4260 	EXP 	fixation: autoDraw = True
116.4293 	EXP 	fixation: autoDraw = False
116.4461 	EXP 	grating: autoDraw = True
116.4461 	EXP 	grating: tex = 'sin'
116.7176 	DATA 	Keypress: left
116.7354 	EXP 	window1: recordFrameIntervals = False
116.7461 	EXP 	grating: autoDraw = False
116.7461 	EXP 	fixation: autoDraw = False
116.7461 	EXP 	grating: autoDraw = False
116.7465 	EXP 	window1: recordFrameIntervals = False
117.7260 	EXP 	fixation: autoDraw = True
118.7289 	EXP 	fixation: autoDraw = False
118.7458 	EXP 	grating: autoDraw = True
118.7458 	EXP 	grating: tex = 'sin'
119.0455 	EXP 	grating: autoDraw = False
119.0668 	EXP 	window1: recordFrameIntervals = False
119.0699 	DATA 	Keypress: left
119.0793 	EXP 	fixation: autoDraw = False
119.0793 	EXP 	grating: autoDraw = False
119.0798 	EXP 	window1: recordFrameIntervals = False
120.0598 	EXP 	fixation: autoDraw = True
121.0617 	EXP 	fixation: autoDraw = False
121.0783 	EXP 	grating: autoDraw = True
121.0783 	EXP 	grating: tex = 'sin'
121.3781 	EXP 	grating: autoDraw = False
121.3811 	EXP 	window1: recordFrameIntervals = False
121.3831 	DATA 	Keypress: left
121.3948 	EXP 	fixation: autoDraw = False
121.3948 	EXP 	grating: autoDraw = False
121.3953 	EXP 	window1: recordFrameIntervals = False
122.3726 	EXP 	fixation: autoDraw = True
123.3778 	EXP 	fixation: autoDraw = False
123.3949 	EXP 	grating: autoDraw = True
123.3949 	EXP 	grating: tex = 'sin'
123.6810 	EXP 	window1: recordFrameIntervals = False
123.6827 	DATA 	Keypress: right
123.6943 	EXP 	grating: autoDraw = False
123.6943 	EXP 	fixation: autoDraw = False
123.6943 	EXP 	grating: autoDraw = False
123.6947 	EXP 	window1: recordFrameIntervals = False
124.6724 	EXP 	fixation: autoDraw = True
125.6771 	EXP 	fixation: autoDraw = False
125.6941 	EXP 	grating: autoDraw = True
125.6941 	EXP 	grating: tex = 'sin'
125.9320 	EXP 	window1: recordFrameIntervals = False
125.9340 	DATA 	Keypress: left
125.9438 	EXP 	fixation: autoDraw = False
125.9438 	EXP 	grating: autoDraw = False
125.9442 	EXP 	window1: recordFrameIntervals = False
126.9231 	EXP 	fixation: autoDraw = True
127.9268 	EXP 	fixation: autoDraw = False
127.9436 	EXP 	grating: autoDraw = True
127.9436 	EXP 	grating: tex = 'sin'
128.2143 	DATA 	Keypress: right
128.2291 	EXP 	window1: recordFrameIntervals = False
128.2432 	EXP 	grating: autoDraw = False
128.2432 	EXP 	fixation: autoDraw = False
128.2432 	EXP 	grating: autoDraw = False
128.2434 	EXP 	window1: recordFrameIntervals = False
129.2200 	EXP 	fixation: autoDraw = True
130.2262 	EXP 	fixation: autoDraw = False
130.2432 	EXP 	grating: autoDraw = True
130.2432 	EXP 	grating: tex = 'sin'
130.5292 	EXP 	window1: recordFrameIntervals = False
130.5310 	DATA 	Keypress: right
130.5426 	EXP 	grating: autoDraw = False
130.5426 	EXP 	fixation: autoDraw = False
130.5426 	EXP 	grating: autoDraw = False
130.5430 	EXP 	window1: recordFrameIntervals = False
131.5213 	EXP 	fixation: autoDraw = True
132.5257 	EXP 	fixation: autoDraw = False
132.5427 	EXP 	grating: autoDraw = True
132.5427 	EXP 	grating: tex = 'sin'
132.8420 	EXP 	grating: autoDraw = False
132.8782 	EXP 	window1: recordFrameIntervals = False
132.8794 	DATA 	Keypress: right
132.8921 	EXP 	fixation: autoDraw = False
132.8921 	EXP 	grating: autoDraw = False
132.8924 	EXP 	window1: recordFrameIntervals = False
133.8705 	EXP 	fixation: autoDraw = True
134.8749 	EXP 	fixation: autoDraw = False
134.8918 	EXP 	grating: autoDraw = True
134.8918 	EXP 	grating: tex = 'sin'
135.1915 	EXP 	grating: autoDraw = False
135.1957 	EXP 	window1: recordFrameIntervals = False
135.1974 	DATA 	Keypress: left
135.2081 	EXP 	fixation: autoDraw = False
135.2081 	EXP 	grating: autoDraw = False
135.2082 	EXP 	window1: recordFrameIntervals = False
136.1852 	EXP 	fixation: autoDraw = True
137.1911 	EXP 	fixation: autoDraw = False
137.2079 	EXP 	grating: autoDraw = True
137.2079 	EXP 	grating: tex = 'sin'
137.4947 	EXP 	window1: recordFrameIntervals = False
137.4967 	DATA 	Keypress: right
137.5077 	EXP 	grating: autoDraw = False
137.5077 	EXP 	fixation: autoDraw = False
137.5077 	EXP 	grating: autoDraw = False
137.5082 	EXP 	window1: recordFrameIntervals = False
138.4853 	EXP 	fixation: autoDraw = True
139.4906 	EXP 	fixation: autoDraw = False
139.5078 	EXP 	grating: autoDraw = True
139.5078 	EXP 	grating: tex = 'sin'
139.7930 	EXP 	window1: recordFrameIntervals = False
139.7943 	DATA 	Keypress: left
139.8070 	EXP 	grating: autoDraw = False
139.8070 	EXP 	fixation: autoDraw = False
139.8070 	EXP 	grating: autoDraw = False
139.8073 	EXP 	window1: recordFrameIntervals = False
140.7843 	EXP 	fixation: autoDraw = True
141.7899 	EXP 	fixation: autoDraw = False
141.8068 	EXP 	grating: autoDraw = True
141.8068 	EXP 	grating: tex = 'sin'
142.0954 	EXP 	window1: recordFrameIntervals = False
142.0971 	DATA 	Keypress: left
142.1065 	EXP 	grating: autoDraw = False
142.1065 	EXP 	fixation: autoDraw = False
142.1065 	EXP 	grating: autoDraw = False
142.1068 	EXP 	window1: recordFrameIntervals = False
143.0874 	EXP 	fixation: autoDraw = True
144.0897 	EXP 	fixation: autoDraw = False
144.1066 	EXP 	grating: autoDraw = True
144.1066 	EXP 	grating: tex = 'sin'
144.3779 	EXP 	window1: recordFrameIntervals = False
144.3805 	DATA 	Keypress: left
144.3898 	EXP 	fixation: autoDraw = False
144.3898 	EXP 	grating: autoDraw = False
144.3904 	EXP 	window1: recordFrameIntervals = False
145.3676 	EXP 	fixation: autoDraw = True
146.3724 	EXP 	fixation: autoDraw = False
146.3893 	EXP 	grating: autoDraw = True
146.3893 	EXP 	grating: tex = 'sin'
146.6890 	EXP 	grating: autoDraw = False
146.6942 	EXP 	window1: recordFrameIntervals = False
146.6965 	DATA 	Keypress: right
146.7057 	EXP 	fixation: autoDraw = False
146.7057 	EXP 	grating: autoDraw = False
146.7062 	EXP 	window1: recordFrameIntervals = False
147.6857 	EXP 	fixation: autoDraw = True
148.6885 	EXP 	fixation: autoDraw = False
148.7053 	EXP 	grating: autoDraw = True
148.7053 	EXP 	grating: tex = 'sin'
148.9602 	DATA 	Keypress: left
148.9761 	EXP 	window1: recordFrameIntervals = False
148.9884 	EXP 	fixation: autoDraw = False
148.9884 	EXP 	grating: autoDraw = False
148.9888 	EXP 	window1: recordFrameIntervals = False
149.9663 	EXP 	fixation: autoDraw = True
150.9711 	EXP 	fixation: autoDraw = False
150.9881 	EXP 	grating: autoDraw = True
150.9881 	EXP 	grating: tex = 'sin'
151.2751 	EXP 	window1: recordFrameIntervals = False
151.2773 	DATA 	Keypress: right
151.2879 	EXP 	grating: autoDraw = False
151.2879 	EXP 	fixation: autoDraw = False
151.2879 	EXP 	grating: autoDraw = False
151.2882 	EXP 	window1: recordFrameIntervals = False
152.2655 	EXP 	fixation: autoDraw = True
153.2708 	EXP 	fixation: autoDraw = False
153.2874 	EXP 	grating: autoDraw = True
153.2874 	EXP 	grating: tex = 'sin'
153.5560 	EXP 	window1: recordFrameIntervals = False
153.5570 	DATA 	Keypress: right
153.5703 	EXP 	fixation: autoDraw = False
153.5703 	EXP 	grating: autoDraw = False
153.5705 	EXP 	window1: recordFrameIntervals = False
154.5496 	EXP 	fixation: autoDraw = True
155.5534 	EXP 	fixation: autoDraw = False
155.5534 	EXP 	grating: autoDraw = True
155.5534 	EXP 	grating: tex = 'sin'
155.8531 	EXP 	grating: autoDraw = False
155.8886 	EXP 	window1: recordFrameIntervals = False
155.8897 	DATA 	Keypress: right
155.9031 	EXP 	fixation: autoDraw = False
155.9031 	EXP 	grating: autoDraw = False
155.9033 	EXP 	window1: recordFrameIntervals = False
156.8807 	EXP 	fixation: autoDraw = True
157.8860 	EXP 	fixation: autoDraw = False
157.9030 	EXP 	grating: autoDraw = True
157.9030 	EXP 	grating: tex = 'sin'
158.1877 	EXP 	window1: recordFrameIntervals = False
158.1888 	DATA 	Keypress: left
158.2025 	EXP 	grating: autoDraw = False
158.2025 	EXP 	fixation: autoDraw = False
158.2025 	EXP 	grating: autoDraw = False
158.2027 	EXP 	window1: recordFrameIntervals = False
159.1799 	EXP 	fixation: autoDraw = True
160.1857 	EXP 	fixation: autoDraw = False
160.2023 	EXP 	grating: autoDraw = True
160.2023 	EXP 	grating: tex = 'sin'
160.5024 	EXP 	grating: autoDraw = False
160.6071 	EXP 	window1: recordFrameIntervals = False
160.6098 	DATA 	Keypress: left
160.6190 	EXP 	fixation: autoDraw = False
160.6190 	EXP 	grating: autoDraw = False
160.6196 	EXP 	window1: recordFrameIntervals = False
161.5973 	EXP 	fixation: autoDraw = True
162.6018 	EXP 	fixation: autoDraw = False
162.6187 	EXP 	grating: autoDraw = True
162.6187 	EXP 	grating: tex = 'sin'
162.9185 	EXP 	grating: autoDraw = False
162.9733 	EXP 	window1: recordFrameIntervals = False
162.9755 	DATA 	Keypress: left
162.9854 	EXP 	fixation: autoDraw = False
162.9854 	EXP 	grating: autoDraw = False
162.9859 	EXP 	window1: recordFrameIntervals = False
163.9636 	EXP 	fixation: autoDraw = True
164.9678 	EXP 	fixation: autoDraw = False
164.9845 	EXP 	grating: autoDraw = True
164.9845 	EXP 	grating: tex = 'sin'
165.2203 	DATA 	Keypress: left
165.2363 	EXP 	window1: recordFrameIntervals = False
165.2510 	EXP 	fixation: autoDraw = False
165.2510 	EXP 	grating: autoDraw = False
165.2512 	EXP 	window1: recordFrameIntervals = False
166.2280 	EXP 	fixation: autoDraw = True
167.2337 	EXP 	fixation: autoDraw = False
167.2507 	EXP 	grating: autoDraw = True
167.2507 	EXP 	grating: tex = 'sin'
167.5026 	EXP 	window1: recordFrameIntervals = False
167.5047 	DATA 	Keypress: left
167.5171 	EXP 	fixation: autoDraw = False
167.5171 	EXP 	grating: autoDraw = False
167.5173 	EXP 	window1: recordFrameIntervals = False
168.4961 	EXP 	fixation: autoDraw = True
169.5000 	EXP 	fixation: autoDraw = False
169.5169 	EXP 	grating: autoDraw = True
169.5169 	EXP 	grating: tex = 'sin'
169.8167 	EXP 	grating: autoDraw = False
169.8714 	EXP 	window1: recordFrameIntervals = False
169.8735 	DATA 	Keypress: right
169.8833 	EXP 	fixation: autoDraw = False
169.8833 	EXP 	grating: autoDraw = False
169.8836 	EXP 	window1: recordFrameIntervals = False
170.8622 	EXP 	fixation: autoDraw = True
171.8662 	EXP 	fixation: autoDraw = False
171.8833 	EXP 	grating: autoDraw = True
171.8833 	EXP 	grating: tex = 'sin'
172.1714 	EXP 	window1: recordFrameIntervals = False
172.1745 	DATA 	Keypress: right
172.1828 	EXP 	grating: autoDraw = False
172.1828 	EXP 	fixation: autoDraw = False
172.1828 	EXP 	grating: autoDraw = False
172.1834 	EXP 	window1: recordFrameIntervals = False
173.1617 	EXP 	fixation: autoDraw = True
174.1655 	EXP 	fixation: autoDraw = False
174.1827 	EXP 	grating: autoDraw = True
174.1827 	EXP 	grating: tex = 'sin'
174.4515 	EXP 	window1: recordFrameIntervals = False
174.4539 	DATA 	Keypress: right
174.4659 	EXP 	fixation: autoDraw = False
174.4659 	EXP 	grating: autoDraw = False
174.4663 	EXP 	window1: recordFrameIntervals = False
175.4452 	EXP 	fixation: autoDraw = True
176.4486 	EXP 	fixation: autoDraw = False
176.4654 	EXP 	grating: autoDraw = True
176.4654 	EXP 	grating: tex = 'sin'
176.7652 	EXP 	grating: autoDraw = False
176.7855 	EXP 	window1: recordFrameIntervals = False
176.7867 	DATA 	Keypress: left
176.7985 	EXP 	fixation: autoDraw = False
176.7985 	EXP 	grating: autoDraw = False
176.7987 	EXP 	window1: recordFrameIntervals = False
177.7783 	EXP 	fixation: autoDraw = True
178.7811 	EXP 	fixation: autoDraw = False
178.7981 	EXP 	grating: autoDraw = True
178.7981 	EXP 	grating: tex = 'sin'
179.0980 	EXP 	grating: autoDraw = False
179.1029 	EXP 	window1: recordFrameIntervals = False
179.1055 	DATA 	Keypress: left
179.1146 	EXP 	fixation: autoDraw = False
179.1146 	EXP 	grating: autoDraw = False
179.1149 	EXP 	window1: recordFrameIntervals = False
180.0938 	EXP 	fixation: autoDraw = True
181.0972 	EXP 	fixation: autoDraw = False
181.1143 	EXP 	grating: autoDraw = True
181.1143 	EXP 	grating: tex = 'sin'
181.4023 	EXP 	window1: recordFrameIntervals = False
181.4046 	DATA 	Keypress: left
181.4140 	EXP 	grating: autoDraw = False
181.4140 	EXP 	fixation: autoDraw = False
181.4140 	EXP 	grating: autoDraw = False
181.4144 	EXP 	window1: recordFrameIntervals = False
182.3924 	EXP 	fixation: autoDraw = True
183.3968 	EXP 	fixation: autoDraw = False
183.4136 	EXP 	grating: autoDraw = True
183.4136 	EXP 	grating: tex = 'sin'
183.7134 	EXP 	grating: autoDraw = False
183.7504 	EXP 	window1: recordFrameIntervals = False
183.7520 	DATA 	Keypress: left
183.7635 	EXP 	fixation: autoDraw = False
183.7635 	EXP 	grating: autoDraw = False
183.7639 	EXP 	window1: recordFrameIntervals = False
184.7428 	EXP 	fixation: autoDraw = True
185.7461 	EXP 	fixation: autoDraw = False
185.7629 	EXP 	grating: autoDraw = True
185.7629 	EXP 	grating: tex = 'sin'
186.0628 	EXP 	grating: autoDraw = False
186.1313 	EXP 	window1: recordFrameIntervals = False
186.1327 	DATA 	Keypress: right
186.1459 	EXP 	fixation: autoDraw = False
186.1459 	EXP 	grating: autoDraw = False
186.1461 	EXP 	window1: recordFrameIntervals = False
186.9167 	DATA 	Keypress: left
187.1225 	EXP 	fixation: autoDraw = True
188.1291 	EXP 	fixation: autoDraw = False
188.1463 	EXP 	grating: autoDraw = True
188.1463 	EXP 	grating: tex = 'sin'
188.4453 	EXP 	grating: autoDraw = False
188.5315 	EXP 	window1: recordFrameIntervals = False
188.5330 	DATA 	Keypress: right
188.5457 	EXP 	fixation: autoDraw = False
188.5457 	EXP 	grating: autoDraw = False
188.5461 	EXP 	window1: recordFrameIntervals = False
189.5225 	EXP 	fixation: autoDraw = True
190.5284 	EXP 	fixation: autoDraw = False
190.5450 	EXP 	grating: autoDraw = True
190.5450 	EXP 	grating: tex = 'sin'
190.8320 	EXP 	window1: recordFrameIntervals = False
190.8338 	DATA 	Keypress: left
190.8450 	EXP 	grating: autoDraw = False
190.8450 	EXP 	fixation: autoDraw = False
190.8450 	EXP 	grating: autoDraw = False
190.8453 	EXP 	window1: recordFrameIntervals = False
191.8231 	EXP 	fixation: autoDraw = True
192.8277 	EXP 	fixation: autoDraw = False
192.8444 	EXP 	grating: autoDraw = True
192.8444 	EXP 	grating: tex = 'sin'
193.1444 	EXP 	grating: autoDraw = False
193.1811 	EXP 	window1: recordFrameIntervals = False
193.1822 	DATA 	Keypress: right
193.1942 	EXP 	fixation: autoDraw = False
193.1942 	EXP 	grating: autoDraw = False
193.1944 	EXP 	window1: recordFrameIntervals = False
194.1725 	EXP 	fixation: autoDraw = True
195.1774 	EXP 	fixation: autoDraw = False
195.1943 	EXP 	grating: autoDraw = True
195.1943 	EXP 	grating: tex = 'sin'
195.4637 	DATA 	Keypress: left
195.4805 	EXP 	window1: recordFrameIntervals = False
195.4938 	EXP 	grating: autoDraw = False
195.4938 	EXP 	fixation: autoDraw = False
195.4938 	EXP 	grating: autoDraw = False
195.4941 	EXP 	window1: recordFrameIntervals = False
196.4720 	EXP 	fixation: autoDraw = True
197.4769 	EXP 	fixation: autoDraw = False
197.4938 	EXP 	grating: autoDraw = True
197.4938 	EXP 	grating: tex = 'sin'
197.7653 	EXP 	window1: recordFrameIntervals = False
197.7678 	DATA 	Keypress: left
197.7767 	EXP 	fixation: autoDraw = False
197.7767 	EXP 	grating: autoDraw = False
197.7772 	EXP 	window1: recordFrameIntervals = False
198.7555 	EXP 	fixation: autoDraw = True
199.7593 	EXP 	fixation: autoDraw = False
199.7764 	EXP 	grating: autoDraw = True
199.7764 	EXP 	grating: tex = 'sin'
200.0762 	EXP 	grating: autoDraw = False
200.0944 	EXP 	window1: recordFrameIntervals = False
200.0954 	DATA 	Keypress: right
200.1093 	EXP 	fixation: autoDraw = False
200.1093 	EXP 	grating: autoDraw = False
200.1096 	EXP 	window1: recordFrameIntervals = False
201.0870 	EXP 	fixation: autoDraw = True
202.0923 	EXP 	fixation: autoDraw = False
202.1091 	EXP 	grating: autoDraw = True
202.1091 	EXP 	grating: tex = 'sin'
202.4088 	EXP 	grating: autoDraw = False
202.4284 	EXP 	window1: recordFrameIntervals = False
202.4303 	DATA 	Keypress: left
202.4422 	EXP 	fixation: autoDraw = False
202.4422 	EXP 	grating: autoDraw = False
202.4426 	EXP 	window1: recordFrameIntervals = False
203.4200 	EXP 	fixation: autoDraw = True
204.4249 	EXP 	fixation: autoDraw = False
204.4418 	EXP 	grating: autoDraw = True
204.4418 	EXP 	grating: tex = 'sin'
204.7112 	EXP 	window1: recordFrameIntervals = False
204.7134 	DATA 	Keypress: left
204.7251 	EXP 	fixation: autoDraw = False
204.7251 	EXP 	grating: autoDraw = False
204.7254 	EXP 	window1: recordFrameIntervals = False
205.7026 	EXP 	fixation: autoDraw = True
206.7080 	EXP 	fixation: autoDraw = False
206.7246 	EXP 	grating: autoDraw = True
206.7246 	EXP 	grating: tex = 'sin'
207.0245 	EXP 	grating: autoDraw = False
207.0273 	EXP 	window1: recordFrameIntervals = False
207.0283 	DATA 	Keypress: left
207.0412 	EXP 	fixation: autoDraw = False
207.0412 	EXP 	grating: autoDraw = False
207.0416 	EXP 	window1: recordFrameIntervals = False
208.0183 	EXP 	fixation: autoDraw = True
209.0239 	EXP 	fixation: autoDraw = False
209.0408 	EXP 	grating: autoDraw = True
209.0408 	EXP 	grating: tex = 'sin'
209.3107 	EXP 	window1: recordFrameIntervals = False
209.3121 	DATA 	Keypress: left
209.3238 	EXP 	fixation: autoDraw = False
209.3238 	EXP 	grating: autoDraw = False
209.3240 	EXP 	window1: recordFrameIntervals = False
210.0959 	DATA 	Keypress: right
210.3025 	EXP 	fixation: autoDraw = True
211.3070 	EXP 	fixation: autoDraw = False
211.3238 	EXP 	grating: autoDraw = True
211.3238 	EXP 	grating: tex = 'sin'
211.6233 	EXP 	grating: autoDraw = False
211.6586 	EXP 	window1: recordFrameIntervals = False
211.6597 	DATA 	Keypress: right
211.6732 	EXP 	fixation: autoDraw = False
211.6732 	EXP 	grating: autoDraw = False
211.6734 	EXP 	window1: recordFrameIntervals = False
212.6500 	EXP 	fixation: autoDraw = True
213.6560 	EXP 	fixation: autoDraw = False
213.6729 	EXP 	grating: autoDraw = True
213.6729 	EXP 	grating: tex = 'sin'
213.9247 	EXP 	window1: recordFrameIntervals = False
213.9259 	DATA 	Keypress: left
213.9393 	EXP 	fixation: autoDraw = False
213.9393 	EXP 	grating: autoDraw = False
213.9395 	EXP 	window1: recordFrameIntervals = False
214.9172 	EXP 	fixation: autoDraw = True
215.9224 	EXP 	fixation: autoDraw = False
215.9393 	EXP 	grating: autoDraw = True
215.9393 	EXP 	grating: tex = 'sin'
216.2389 	EXP 	grating: autoDraw = False
216.3256 	EXP 	window1: recordFrameIntervals = False
216.3275 	DATA 	Keypress: right
216.3390 	EXP 	fixation: autoDraw = False
216.3390 	EXP 	grating: autoDraw = False
216.3393 	EXP 	window1: recordFrameIntervals = False
217.3178 	EXP 	fixation: autoDraw = True
218.3222 	EXP 	fixation: autoDraw = False
218.3388 	EXP 	grating: autoDraw = True
218.3388 	EXP 	grating: tex = 'sin'
218.6386 	EXP 	grating: autoDraw = False
218.6424 	EXP 	window1: recordFrameIntervals = False
218.6441 	DATA 	Keypress: left
218.6550 	EXP 	fixation: autoDraw = False
218.6550 	EXP 	grating: autoDraw = False
218.6554 	EXP 	window1: recordFrameIntervals = False
219.6328 	EXP 	fixation: autoDraw = True
220.6380 	EXP 	fixation: autoDraw = False
220.6549 	EXP 	grating: autoDraw = True
220.6549 	EXP 	grating: tex = 'sin'
220.9546 	EXP 	grating: autoDraw = False
220.9577 	EXP 	window1: recordFrameIntervals = False
220.9594 	DATA 	Keypress: right
220.9711 	EXP 	fixation: autoDraw = False
220.9711 	EXP 	grating: autoDraw = False
220.9713 	EXP 	window1: recordFrameIntervals = False
221.9487 	EXP 	fixation: autoDraw = True
222.9541 	EXP 	fixation: autoDraw = False
222.9711 	EXP 	grating: autoDraw = True
222.9711 	EXP 	grating: tex = 'sin'
223.2409 	EXP 	window1: recordFrameIntervals = False
223.2424 	DATA 	Keypress: left
223.2539 	EXP 	fixation: autoDraw = False
223.2539 	EXP 	grating: autoDraw = False
223.2543 	EXP 	window1: recordFrameIntervals = False
224.2308 	EXP 	fixation: autoDraw = True
225.2368 	EXP 	fixation: autoDraw = False
225.2539 	EXP 	grating: autoDraw = True
225.2539 	EXP 	grating: tex = 'sin'
225.5536 	EXP 	grating: autoDraw = False
225.5585 	EXP 	window1: recordFrameIntervals = False
225.5611 	DATA 	Keypress: right
225.5703 	EXP 	fixation: autoDraw = False
225.5703 	EXP 	grating: autoDraw = False
225.5708 	EXP 	window1: recordFrameIntervals = False
226.5505 	EXP 	fixation: autoDraw = True
227.5528 	EXP 	fixation: autoDraw = False
227.5697 	EXP 	grating: autoDraw = True
227.5697 	EXP 	grating: tex = 'sin'
227.8567 	EXP 	window1: recordFrameIntervals = False
227.8587 	DATA 	Keypress: left
227.8694 	EXP 	grating: autoDraw = False
227.8694 	EXP 	fixation: autoDraw = False
227.8694 	EXP 	grating: autoDraw = False
227.8701 	EXP 	window1: recordFrameIntervals = False
228.8479 	EXP 	fixation: autoDraw = True
229.8525 	EXP 	fixation: autoDraw = False
229.8694 	EXP 	grating: autoDraw = True
229.8694 	EXP 	grating: tex = 'sin'
230.1554 	EXP 	window1: recordFrameIntervals = False
230.1575 	DATA 	Keypress: left
230.1689 	EXP 	grating: autoDraw = False
230.1689 	EXP 	fixation: autoDraw = False
230.1689 	EXP 	grating: autoDraw = False
230.1693 	EXP 	window1: recordFrameIntervals = False
231.1476 	EXP 	fixation: autoDraw = True
232.1519 	EXP 	fixation: autoDraw = False
232.1688 	EXP 	grating: autoDraw = True
232.1688 	EXP 	grating: tex = 'sin'
232.4568 	EXP 	window1: recordFrameIntervals = False
232.4587 	DATA 	Keypress: left
232.4685 	EXP 	grating: autoDraw = False
232.4685 	EXP 	fixation: autoDraw = False
232.4685 	EXP 	grating: autoDraw = False
232.4689 	EXP 	window1: recordFrameIntervals = False
233.4495 	EXP 	fixation: autoDraw = True
234.4513 	EXP 	fixation: autoDraw = False
234.4681 	EXP 	grating: autoDraw = True
234.4681 	EXP 	grating: tex = 'sin'
234.7549 	DATA 	Keypress: right
234.7679 	EXP 	grating: autoDraw = False
234.7715 	EXP 	window1: recordFrameIntervals = False
234.7845 	EXP 	fixation: autoDraw = False
234.7845 	EXP 	grating: autoDraw = False
234.7848 	EXP 	window1: recordFrameIntervals = False
235.7630 	EXP 	fixation: autoDraw = True
236.7673 	EXP 	fixation: autoDraw = False
236.7845 	EXP 	grating: autoDraw = True
236.7845 	EXP 	grating: tex = 'sin'
237.0839 	EXP 	grating: autoDraw = False
237.0878 	EXP 	window1: recordFrameIntervals = False
237.0893 	DATA 	Keypress: left
237.1006 	EXP 	fixation: autoDraw = False
237.1006 	EXP 	grating: autoDraw = False
237.1010 	EXP 	window1: recordFrameIntervals = False
238.0791 	EXP 	fixation: autoDraw = True
239.0839 	EXP 	fixation: autoDraw = False
239.1001 	EXP 	grating: autoDraw = True
239.1001 	EXP 	grating: tex = 'sin'
239.3699 	DATA 	Keypress: left
239.3864 	EXP 	window1: recordFrameIntervals = False
239.3999 	EXP 	grating: autoDraw = False
239.3999 	EXP 	fixation: autoDraw = False
239.3999 	EXP 	grating: autoDraw = False
239.4003 	EXP 	window1: recordFrameIntervals = False
240.3784 	EXP 	fixation: autoDraw = True
241.3829 	EXP 	fixation: autoDraw = False
241.3998 	EXP 	grating: autoDraw = True
241.3998 	EXP 	grating: tex = 'sin'
241.6866 	EXP 	window1: recordFrameIntervals = False
241.6886 	DATA 	Keypress: left
241.6996 	EXP 	grating: autoDraw = False
241.6996 	EXP 	fixation: autoDraw = False
241.6996 	EXP 	grating: autoDraw = False
241.6999 	EXP 	window1: recordFrameIntervals = False
242.6792 	EXP 	fixation: autoDraw = True
243.6824 	EXP 	fixation: autoDraw = False
243.6992 	EXP 	grating: autoDraw = True
243.6992 	EXP 	grating: tex = 'sin'
243.9993 	EXP 	grating: autoDraw = False
244.0212 	EXP 	window1: recordFrameIntervals = False
244.0242 	DATA 	Keypress: left
244.0326 	EXP 	fixation: autoDraw = False
244.0326 	EXP 	grating: autoDraw = False
244.0331 	EXP 	window1: recordFrameIntervals = False
245.0126 	EXP 	fixation: autoDraw = True
246.0152 	EXP 	fixation: autoDraw = False
246.0320 	EXP 	grating: autoDraw = True
246.0320 	EXP 	grating: tex = 'sin'
246.3318 	EXP 	grating: autoDraw = False
246.3855 	DATA 	Keypress: left
246.4020 	EXP 	window1: recordFrameIntervals = False
246.4151 	EXP 	fixation: autoDraw = False
246.4151 	EXP 	grating: autoDraw = False
246.4155 	EXP 	window1: recordFrameIntervals = False
247.3922 	EXP 	fixation: autoDraw = True
248.3980 	EXP 	fixation: autoDraw = False
248.4148 	EXP 	grating: autoDraw = True
248.4148 	EXP 	grating: tex = 'sin'
248.6873 	DATA 	Keypress: left
248.7033 	EXP 	window1: recordFrameIntervals = False
248.7147 	EXP 	grating: autoDraw = False
248.7147 	EXP 	fixation: autoDraw = False
248.7147 	EXP 	grating: autoDraw = False
248.7154 	EXP 	window1: recordFrameIntervals = False
249.6940 	EXP 	fixation: autoDraw = True
250.6975 	EXP 	fixation: autoDraw = False
250.7144 	EXP 	grating: autoDraw = True
250.7144 	EXP 	grating: tex = 'sin'
250.9836 	EXP 	window1: recordFrameIntervals = False
250.9857 	DATA 	Keypress: right
250.9974 	EXP 	fixation: autoDraw = False
250.9974 	EXP 	grating: autoDraw = False
250.9977 	EXP 	window1: recordFrameIntervals = False
251.9750 	EXP 	fixation: autoDraw = True
252.9806 	EXP 	fixation: autoDraw = False
252.9973 	EXP 	grating: autoDraw = True
252.9973 	EXP 	grating: tex = 'sin'
253.2966 	EXP 	grating: autoDraw = False
253.3320 	EXP 	window1: recordFrameIntervals = False
253.3334 	DATA 	Keypress: left
253.3467 	EXP 	fixation: autoDraw = False
253.3467 	EXP 	grating: autoDraw = False
253.3469 	EXP 	window1: recordFrameIntervals = False
254.1167 	DATA 	Keypress: right
254.3222 	EXP 	fixation: autoDraw = True
255.3296 	EXP 	fixation: autoDraw = False
255.3465 	EXP 	grating: autoDraw = True
255.3465 	EXP 	grating: tex = 'sin'
255.6463 	EXP 	grating: autoDraw = False
255.6503 	EXP 	window1: recordFrameIntervals = False
255.6525 	DATA 	Keypress: right
255.6630 	EXP 	fixation: autoDraw = False
255.6630 	EXP 	grating: autoDraw = False
255.6634 	EXP 	window1: recordFrameIntervals = False
256.6423 	EXP 	fixation: autoDraw = True
257.6457 	EXP 	fixation: autoDraw = False
257.6628 	EXP 	grating: autoDraw = True
257.6628 	EXP 	grating: tex = 'sin'
257.9145 	DATA 	Keypress: left
257.9290 	EXP 	fixation: autoDraw = False
257.9290 	EXP 	grating: autoDraw = False
259.7362 	EXP 	window1: mouseVisible = True
