5.4759 	WARNING 	We strongly recommend you activate the PTB sound engine in PsychoPy prefs as the preferred audio engine. Its timing is vastly superior. Your prefs are currently set to use ['sounddevice', 'PTB', 'pyo', 'pygame'] (in that order).
14.7168 	WARNING 	User requested fullscreen with size [1024  768], but screen is actually [1920, 1080]. Using actual size
18.3647 	EXP 	Created window1 = Window(allowGUI=True, allowStencil=False, autoLog=True, backendConf=UNKNOWN, bitsMode=UNKNOWN, blendMode='avg', bpc=(8, 8, 8), color=array([0, 0, 0]), colorSpace='rgb', depthBits=8, fullscr=<method-wrapper '__getattribute__' of attributeSetter object at 0x00000149BF10B040>, gamma=None, gammaErrorPolicy='raise', lms=UNKNOWN, monitor=<psychopy.monitors.calibTools.Monitor object at 0x00000149C0051D60>, multiSample=False, name='window1', numSamples=2, pos=(0, 0), screen=0, size=array([1920, 1080]), stencilBits=0, stereo=False, units='height', useFBO=True, useRetina=False, viewOri=0.0, viewPos=None, viewScale=None, waitBlanking=True, winType='pyglet')
18.3650 	EXP 	window1: mouseVisible = True
18.3652 	EXP 	window1: mouseVisible = False
18.3652 	EXP 	window1: Attempting to measure frame rate of screen (0) ...
18.3653 	EXP 	window1: recordFrameIntervals = False
18.5300 	EXP 	window1: recordFrameIntervals = True
18.7133 	EXP 	Screen (0) actual frame rate measured at 60.18Hz
18.7133 	EXP 	window1: recordFrameIntervals = False
22.3342 	EXP 	Created fixation = ShapeStim(__class__=<class 'psychopy.visual.shape.ShapeStim'>, anchor=('center', 'center'), autoDraw=False, autoLog=True, closeShape=True, color=method-wrapper(...), colorSpace='rgb', contrast=None, depth=0.0, fillColor=array([1, 1, 1]), fillColorSpace='rgb', fillRGB=array([1, 1, 1]), interpolate=True, lineColor=array([1, 1, 1]), lineColorSpace='rgb', lineRGB=array([1, 1, 1]), lineWidth=1.0, name='fixation', opacity=1.0, ori=0.0, pos=array([0., 0.]), size=array([0.1, 0.1]), units='height', vertices=ndarray(...), win=Window(...), windingRule=None)
22.7330 	EXP 	Created target = TextStim(__class__=<class 'psychopy.visual.text.TextStim'>, alignHoriz=method-wrapper(...), alignText='center', alignVert=method-wrapper(...), anchorHoriz='center', anchorVert='center', antialias=True, autoDraw=False, autoLog=True, bold=False, color=array([1, 1, 1]), colorSpace='rgb', contrast=1.0, depth=-1.0, flipHoriz=False, flipVert=False, font='Open Sans', fontFiles=[], height=0.05, italic=False, languageStyle='LTR', name='target', opacity=1.0, ori=0.0, pos=array([0., 0.]), rgb=UNKNOWN, text='T', units='height', win=Window(...), wrapWidth=1)
22.7340 	EXP 	window1: mouseVisible = True
22.7367 	EXP 	Created sequence: random, trialTypes=1, nReps=5, seed=None
22.7370 	EXP 	New trial (rep=0, index=0): None
22.7708 	EXP 	Created distr = TextStim(__class__=<class 'psychopy.visual.text.TextStim'>, alignHoriz=method-wrapper(...), alignText='center', alignVert=method-wrapper(...), anchorHoriz='center', anchorVert='center', antialias=True, autoDraw=False, autoLog=True, bold=False, color=array([1, 1, 1]), colorSpace='rgb', contrast=1.0, depth=0.0, flipHoriz=False, flipVert=False, font='Open Sans', fontFiles=[], height=0.1, italic=False, languageStyle='LTR', name='distr', opacity=1.0, ori=54, pos=array([ 0.44779093, -0.36471131]), rgb=UNKNOWN, text='L', units='height', win=Window(...), wrapWidth=1)
22.7750 	EXP 	Created distr = TextStim(__class__=<class 'psychopy.visual.text.TextStim'>, alignHoriz=method-wrapper(...), alignText='center', alignVert=method-wrapper(...), anchorHoriz='center', anchorVert='center', antialias=True, autoDraw=False, autoLog=True, bold=False, color=array([1, 1, 1]), colorSpace='rgb', contrast=1.0, depth=0.0, flipHoriz=False, flipVert=False, font='Open Sans', fontFiles=[], height=0.1, italic=False, languageStyle='LTR', name='distr', opacity=1.0, ori=55, pos=array([-0.25912811,  0.40672387]), rgb=UNKNOWN, text='L', units='height', win=Window(...), wrapWidth=1)
22.7796 	EXP 	Created distr = TextStim(__class__=<class 'psychopy.visual.text.TextStim'>, alignHoriz=method-wrapper(...), alignText='center', alignVert=method-wrapper(...), anchorHoriz='center', anchorVert='center', antialias=True, autoDraw=False, autoLog=True, bold=False, color=array([1, 1, 1]), colorSpace='rgb', contrast=1.0, depth=0.0, flipHoriz=False, flipVert=False, font='Open Sans', fontFiles=[], height=0.1, italic=False, languageStyle='LTR', name='distr', opacity=1.0, ori=54, pos=array([0.16668071, 0.30306824]), rgb=UNKNOWN, text='L', units='height', win=Window(...), wrapWidth=1)
22.7854 	EXP 	Created distr = TextStim(__class__=<class 'psychopy.visual.text.TextStim'>, alignHoriz=method-wrapper(...), alignText='center', alignVert=method-wrapper(...), anchorHoriz='center', anchorVert='center', antialias=True, autoDraw=False, autoLog=True, bold=False, color=array([1, 1, 1]), colorSpace='rgb', contrast=1.0, depth=0.0, flipHoriz=False, flipVert=False, font='Open Sans', fontFiles=[], height=0.1, italic=False, languageStyle='LTR', name='distr', opacity=1.0, ori=246, pos=array([-0.02838232,  0.2916612 ]), rgb=UNKNOWN, text='L', units='height', win=Window(...), wrapWidth=1)
22.7892 	EXP 	Created distr = TextStim(__class__=<class 'psychopy.visual.text.TextStim'>, alignHoriz=method-wrapper(...), alignText='center', alignVert=method-wrapper(...), anchorHoriz='center', anchorVert='center', antialias=True, autoDraw=False, autoLog=True, bold=False, color=array([1, 1, 1]), colorSpace='rgb', contrast=1.0, depth=0.0, flipHoriz=False, flipVert=False, font='Open Sans', fontFiles=[], height=0.1, italic=False, languageStyle='LTR', name='distr', opacity=1.0, ori=119, pos=array([0.46977331, 0.32624642]), rgb=UNKNOWN, text='L', units='height', win=Window(...), wrapWidth=1)
22.8261 	EXP 	distr: autoDraw = True
22.8261 	EXP 	distr: autoDraw = True
22.8261 	EXP 	distr: autoDraw = True
22.8261 	EXP 	distr: autoDraw = True
22.8261 	EXP 	distr: autoDraw = True
22.8261 	EXP 	fixation: autoDraw = True
22.8261 	EXP 	target: autoDraw = True
25.3165 	DATA 	Keypress: escape
27.7014 	EXP 	window1: mouseVisible = True
